Added Component: Designator=,(SAMTEC_TS-125-G-A)
Added Component: Designator=IC1(LQFP-48_LXE_LIT)
Added Component: Designator=J1(SAMTEC_TS-125-G-A)
Added Pin To Net: NetName=Net,_01 Pin=,-01
Added Pin To Net: NetName=Net,_01 Pin=,-02
Added Pin To Net: NetName=Net,_01 Pin=IC1-24
Added Net: Name=Net,_01
Added Pin To Net: NetName=Net,_03 Pin=,-03
Added Pin To Net: NetName=Net,_03 Pin=IC1-23
Added Net: Name=Net,_03
Added Pin To Net: NetName=Net,_04 Pin=,-04
Added Pin To Net: NetName=Net,_04 Pin=IC1-22
Added Net: Name=Net,_04
Added Pin To Net: NetName=Net,_05 Pin=,-05
Added Pin To Net: NetName=Net,_05 Pin=IC1-21
Added Net: Name=Net,_05
Added Pin To Net: NetName=Net,_06 Pin=,-06
Added Pin To Net: NetName=Net,_06 Pin=IC1-20
Added Net: Name=Net,_06
Added Pin To Net: NetName=Net,_07 Pin=,-07
Added Pin To Net: NetName=Net,_07 Pin=IC1-19
Added Net: Name=Net,_07
Added Pin To Net: NetName=Net,_08 Pin=,-08
Added Pin To Net: NetName=Net,_08 Pin=IC1-18
Added Net: Name=Net,_08
Added Pin To Net: NetName=Net,_09 Pin=,-09
Added Pin To Net: NetName=Net,_09 Pin=IC1-17
Added Net: Name=Net,_09
Added Pin To Net: NetName=Net,_10 Pin=,-10
Added Pin To Net: NetName=Net,_10 Pin=IC1-16
Added Net: Name=Net,_10
Added Pin To Net: NetName=Net,_11 Pin=,-11
Added Pin To Net: NetName=Net,_11 Pin=IC1-15
Added Net: Name=Net,_11
Added Pin To Net: NetName=Net,_12 Pin=,-12
Added Pin To Net: NetName=Net,_12 Pin=IC1-14
Added Net: Name=Net,_12
Added Pin To Net: NetName=Net,_13 Pin=,-13
Added Pin To Net: NetName=Net,_13 Pin=IC1-13
Added Net: Name=Net,_13
Added Pin To Net: NetName=Net,_14 Pin=,-14
Added Pin To Net: NetName=Net,_14 Pin=IC1-12
Added Net: Name=Net,_14
Added Pin To Net: NetName=Net,_15 Pin=,-15
Added Pin To Net: NetName=Net,_15 Pin=IC1-11
Added Net: Name=Net,_15
Added Pin To Net: NetName=Net,_16 Pin=,-16
Added Pin To Net: NetName=Net,_16 Pin=IC1-10
Added Net: Name=Net,_16
Added Pin To Net: NetName=Net,_17 Pin=,-17
Added Pin To Net: NetName=Net,_17 Pin=IC1-9
Added Net: Name=Net,_17
Added Pin To Net: NetName=Net,_18 Pin=,-18
Added Pin To Net: NetName=Net,_18 Pin=IC1-8
Added Net: Name=Net,_18
Added Pin To Net: NetName=Net,_19 Pin=,-19
Added Pin To Net: NetName=Net,_19 Pin=IC1-7
Added Net: Name=Net,_19
Added Pin To Net: NetName=Net,_20 Pin=,-20
Added Pin To Net: NetName=Net,_20 Pin=IC1-6
Added Net: Name=Net,_20
Added Pin To Net: NetName=Net,_21 Pin=,-21
Added Pin To Net: NetName=Net,_21 Pin=IC1-5
Added Net: Name=Net,_21
Added Pin To Net: NetName=Net,_22 Pin=,-22
Added Pin To Net: NetName=Net,_22 Pin=IC1-4
Added Net: Name=Net,_22
Added Pin To Net: NetName=Net,_23 Pin=,-23
Added Pin To Net: NetName=Net,_23 Pin=IC1-3
Added Net: Name=Net,_23
Added Pin To Net: NetName=Net,_24 Pin=,-24
Added Pin To Net: NetName=Net,_24 Pin=IC1-2
Added Net: Name=Net,_24
Added Pin To Net: NetName=Net,_25 Pin=,-25
Added Pin To Net: NetName=Net,_25 Pin=IC1-1
Added Net: Name=Net,_25
Added Pin To Net: NetName=NetIC1_25 Pin=IC1-25
Added Pin To Net: NetName=NetIC1_25 Pin=J1-25
Added Net: Name=NetIC1_25
Added Pin To Net: NetName=NetIC1_26 Pin=IC1-26
Added Pin To Net: NetName=NetIC1_26 Pin=J1-24
Added Net: Name=NetIC1_26
Added Pin To Net: NetName=NetIC1_27 Pin=IC1-27
Added Pin To Net: NetName=NetIC1_27 Pin=J1-23
Added Net: Name=NetIC1_27
Added Pin To Net: NetName=NetIC1_28 Pin=IC1-28
Added Pin To Net: NetName=NetIC1_28 Pin=J1-22
Added Net: Name=NetIC1_28
Added Pin To Net: NetName=NetIC1_29 Pin=IC1-29
Added Pin To Net: NetName=NetIC1_29 Pin=J1-21
Added Net: Name=NetIC1_29
Added Pin To Net: NetName=NetIC1_30 Pin=IC1-30
Added Pin To Net: NetName=NetIC1_30 Pin=J1-20
Added Net: Name=NetIC1_30
Added Pin To Net: NetName=NetIC1_31 Pin=IC1-31
Added Pin To Net: NetName=NetIC1_31 Pin=J1-19
Added Net: Name=NetIC1_31
Added Pin To Net: NetName=NetIC1_32 Pin=IC1-32
Added Pin To Net: NetName=NetIC1_32 Pin=J1-18
Added Net: Name=NetIC1_32
Added Pin To Net: NetName=NetIC1_33 Pin=IC1-33
Added Pin To Net: NetName=NetIC1_33 Pin=J1-17
Added Net: Name=NetIC1_33
Added Pin To Net: NetName=NetIC1_34 Pin=IC1-34
Added Pin To Net: NetName=NetIC1_34 Pin=J1-16
Added Net: Name=NetIC1_34
Added Pin To Net: NetName=NetIC1_35 Pin=IC1-35
Added Pin To Net: NetName=NetIC1_35 Pin=J1-15
Added Net: Name=NetIC1_35
Added Pin To Net: NetName=NetIC1_36 Pin=IC1-36
Added Pin To Net: NetName=NetIC1_36 Pin=J1-14
Added Net: Name=NetIC1_36
Added Pin To Net: NetName=NetIC1_37 Pin=IC1-37
Added Pin To Net: NetName=NetIC1_37 Pin=J1-13
Added Net: Name=NetIC1_37
Added Pin To Net: NetName=NetIC1_38 Pin=IC1-38
Added Pin To Net: NetName=NetIC1_38 Pin=J1-12
Added Net: Name=NetIC1_38
Added Pin To Net: NetName=NetIC1_39 Pin=IC1-39
Added Pin To Net: NetName=NetIC1_39 Pin=J1-11
Added Net: Name=NetIC1_39
Added Pin To Net: NetName=NetIC1_40 Pin=IC1-40
Added Pin To Net: NetName=NetIC1_40 Pin=J1-10
Added Net: Name=NetIC1_40
Added Pin To Net: NetName=NetIC1_41 Pin=IC1-41
Added Pin To Net: NetName=NetIC1_41 Pin=J1-09
Added Net: Name=NetIC1_41
Added Pin To Net: NetName=NetIC1_42 Pin=IC1-42
Added Pin To Net: NetName=NetIC1_42 Pin=J1-08
Added Net: Name=NetIC1_42
Added Pin To Net: NetName=NetIC1_43 Pin=IC1-43
Added Pin To Net: NetName=NetIC1_43 Pin=J1-07
Added Net: Name=NetIC1_43
Added Pin To Net: NetName=NetIC1_44 Pin=IC1-44
Added Pin To Net: NetName=NetIC1_44 Pin=J1-06
Added Net: Name=NetIC1_44
Added Pin To Net: NetName=NetIC1_45 Pin=IC1-45
Added Pin To Net: NetName=NetIC1_45 Pin=J1-05
Added Net: Name=NetIC1_45
Added Pin To Net: NetName=NetIC1_46 Pin=IC1-46
Added Pin To Net: NetName=NetIC1_46 Pin=J1-04
Added Net: Name=NetIC1_46
Added Pin To Net: NetName=NetIC1_47 Pin=IC1-47
Added Pin To Net: NetName=NetIC1_47 Pin=J1-03
Added Net: Name=NetIC1_47
Added Pin To Net: NetName=NetIC1_48 Pin=IC1-48
Added Pin To Net: NetName=NetIC1_48 Pin=J1-02
Added Net: Name=NetIC1_48
Added Pin To Net: NetName=NetIC1_49 Pin=J1-01
Added Net: Name=NetIC1_49
